<?xml version="1.0" encoding="UTF-8"?>
<!-- Generated by org.testng.reporters.JUnitReportReporter -->
<testsuite skipped="0" hostname="tushargupta02" name="Tests.ExtraTest" tests="1" failures="0" timestamp="2021-09-17T23:04:50 IST" time="40.026" errors="0">
  <testcase name="storyclick" time="40.026" classname="Tests.ExtraTest"/>
  <system-out/>
</testsuite> <!-- Tests.ExtraTest -->
