<?xml version="1.0" encoding="UTF-8"?>
<!-- Generated by org.testng.reporters.JUnitReportReporter -->
<testsuite skipped="0" hostname="tushargupta02" name="Tests.ProductSearchTest" tests="1" failures="0" timestamp="16 Sep 2021 18:06:08 GMT" time="30.981" errors="0">
  <testcase name="tabHover" time="30.981" classname="Tests.ProductSearchTest"/>
</testsuite> <!-- Tests.ProductSearchTest -->
