<?xml version="1.0" encoding="UTF-8"?>
<!-- Generated by org.testng.reporters.JUnitReportReporter -->
<testsuite skipped="0" hostname="tushargupta02" name="Tests.AddressTest" tests="1" failures="0" timestamp="16 Sep 2021 15:21:49 GMT" time="43.402" errors="0">
  <testcase name="addAddress" time="43.402" classname="Tests.AddressTest"/>
</testsuite> <!-- Tests.AddressTest -->
