<?xml version="1.0" encoding="UTF-8"?>
<!-- Generated by org.testng.reporters.JUnitReportReporter -->
<testsuite skipped="0" hostname="tushargupta02" name="Tests.ExtraFeatureTest" tests="1" failures="0" timestamp="15 Sep 2021 20:41:29 GMT" time="11.154" errors="0">
  <testcase name="topOfferAndTravel" time="11.154" classname="Tests.ExtraFeatureTest"/>
</testsuite> <!-- Tests.ExtraFeatureTest -->
